\BOOKMARK [0][-]{chapter.1}{\376\377\000H\000a\000r\000d\000w\000a\000r\000e\000\040\000I\000n\000t\000e\000r\000f\000a\000c\000e\000s}{}% 1
\BOOKMARK [1][-]{section.1.1}{\376\377\000I\000n\000p\000u\000t\000\040\000D\000e\000v\000i\000c\000e\000s}{chapter.1}% 2
\BOOKMARK [1][-]{section.1.2}{\376\377\000O\000u\000t\000p\000u\000t\000\040\000D\000e\000v\000i\000c\000e\000s}{chapter.1}% 3
\BOOKMARK [2][-]{subsection.1.2.1}{\376\377\000I\000n\000t\000r\000o\000d\000u\000c\000t\000i\000o\000n\000\040\000t\000o\000\040\000B\000E\000S\000T\000\040\000T\000o\000o\000l\000b\000o\000x}{section.1.2}% 4
\BOOKMARK [3][-]{subsubsection*.3}{\376\377\000H\000a\000r\000d\000w\000a\000r\000e\000\040\000I\000n\000t\000e\000r\000f\000a\000c\000e\000s}{subsection.1.2.1}% 5
\BOOKMARK [4][-]{paragraph*.4}{\376\377\000I\000n\000p\000u\000t\000\040\000D\000e\000v\000i\000c\000e\000s}{subsubsection*.3}% 6
\BOOKMARK [4][-]{paragraph*.5}{\376\377\000O\000u\000t\000p\000u\000t\000\040\000D\000e\000v\000i\000c\000e\000s}{subsubsection*.3}% 7
\BOOKMARK [2][-]{subsection.1.2.2}{\376\377\000D\000o\000w\000n\000l\000o\000a\000d\000\040\000\046\000\040\000S\000e\000t\000u\000p}{section.1.2}% 8
\BOOKMARK [3][-]{subsubsection*.6}{\376\377\000M\000A\000T\000L\000A\000B\000\040\000V\000e\000r\000s\000i\000o\000n}{subsection.1.2.2}% 9
\BOOKMARK [4][-]{paragraph*.7}{\376\377\000D\000o\000w\000n\000l\000o\000a\000d\000\040\000B\000E\000S\000T\000\040\000T\000o\000o\000l\000b\000o\000x\000\040\000R\000e\000p\000o\000s\000i\000t\000o\000r\000y}{subsubsection*.6}% 10
\BOOKMARK [4][-]{paragraph*.8}{\376\377\000R\000e\000q\000u\000i\000r\000e\000d\000\040\000A\000P\000I\000s\000\040\000\046\000\040\000M\000A\000T\000L\000A\000B\000\040\000T\000o\000o\000l\000b\000o\000x\000e\000s}{subsubsection*.6}% 11
\BOOKMARK [4][-]{paragraph*.9}{\376\377\000S\000e\000t\000u\000p}{subsubsection*.6}% 12
\BOOKMARK [5][-]{subparagraph*.10}{\376\377\000B\000E\000S\000T\000\040\000T\000o\000o\000l\000b\000o\000x}{paragraph*.9}% 13
\BOOKMARK [5][-]{subparagraph*.11}{\376\377\000F\000i\000e\000l\000d\000T\000r\000i\000p\000\040\000T\000o\000o\000l\000b\000o\000x}{paragraph*.9}% 14
\BOOKMARK [2][-]{subsection.1.2.3}{\376\377\000S\000t\000a\000r\000t\000\040\000B\000E\000S\000T\000\040\000T\000o\000o\000l\000b\000o\000x\000\040\000A\000p\000p\000l\000i\000c\000a\000t\000i\000o\000n}{section.1.2}% 15
\BOOKMARK [2][-]{subsection.1.2.4}{\376\377\000D\000e\000s\000i\000g\000n\000\040\000E\000x\000p\000e\000r\000i\000m\000e\000n\000t}{section.1.2}% 16
\BOOKMARK [3][-]{subsubsection*.12}{\376\377\000A\000d\000d\000i\000n\000g\000\040\000E\000x\000p\000e\000r\000i\000m\000e\000n\000t\000\040\000\046\000\040\000S\000u\000b\000j\000e\000c\000t}{subsection.1.2.4}% 17
\BOOKMARK [3][-]{subsubsection*.13}{\376\377\000A\000d\000d\000i\000n\000g\000\040\000S\000e\000s\000s\000i\000o\000n\000s}{subsection.1.2.4}% 18
\BOOKMARK [3][-]{subsubsection*.14}{\376\377\000A\000d\000d\000i\000n\000g\000\040\000P\000r\000o\000t\000o\000c\000o\000l}{subsection.1.2.4}% 19
\BOOKMARK [3][-]{subsubsection*.15}{\376\377\000S\000u\000m\000m\000a\000r\000y}{subsection.1.2.4}% 20
\BOOKMARK [2][-]{subsection.1.2.5}{\376\377\000H\000a\000r\000d\000w\000a\000r\000e\000\040\000C\000o\000n\000f\000i\000g\000u\000r\000a\000t\000i\000o\000n}{section.1.2}% 21
\BOOKMARK [3][-]{subsubsection*.16}{\376\377\000L\000a\000u\000n\000c\000h\000i\000n\000g\000\040\000H\000a\000r\000d\000w\000a\000r\000e\000\040\000C\000o\000n\000f\000i\000g\000u\000r\000a\000t\000i\000o\000n\000\040\000P\000a\000n\000e\000l}{subsection.1.2.5}% 22
\BOOKMARK [3][-]{subsubsection*.17}{\376\377\000A\000d\000d\000i\000n\000g\000\040\000O\000u\000t\000p\000u\000t\000\040\000D\000e\000v\000i\000c\000e\000s\000\040\000\050\000H\000o\000s\000t\000\040\000P\000C\000\040\000C\000o\000n\000t\000r\000o\000l\000l\000e\000d\000\051}{subsection.1.2.5}% 23
\BOOKMARK [3][-]{subsubsection*.18}{\376\377\000A\000d\000d\000i\000n\000g\000\040\000O\000u\000t\000p\000u\000t\000\040\000D\000e\000v\000i\000c\000e\000s\000\040\000\050\000b\000o\000s\000s\000d\000e\000v\000i\000c\000e